#-----------------------------------------------------------
# Webtalk v2016.2 (64-bit)
# SW Build 1577090 on Thu Jun  2 16:32:35 MDT 2016
# 
# Start of session at: Thu Aug 18 10:35:33 2016
# Process ID: 28188
# Current directory: /opt/Xilinx/Projects/zybo_petalinux_webcam/zybo_petalinux_webcam.sdk/webtalk
# Command line: wbtcv -mode batch -source sdk_webtalk.tcl
# Log file: /opt/Xilinx/Projects/zybo_petalinux_webcam/zybo_petalinux_webcam.sdk/webtalk/webtalk.log
# Journal file: /opt/Xilinx/Projects/zybo_petalinux_webcam/zybo_petalinux_webcam.sdk/webtalk/webtalk.jou
#-----------------------------------------------------------
source sdk_webtalk.tcl
# webtalk_init -webtalk_dir /opt/Xilinx/Projects/zybo_petalinux_webcam/zybo_petalinux_webcam.sdk/webtalk
# webtalk_register_client -client project
# webtalk_add_data -client project -key date_generated -value "Thu Aug 18 10:35:33 2016" -context "software_version_and_target_device"
# webtalk_add_data -client project -key product_version -value "SDK v2016.2" -context "software_version_and_target_device"
# webtalk_add_data -client project -key build_version -value "2016.2" -context "software_version_and_target_device"
# webtalk_add_data -client project -key os_platform -value "amd64" -context "software_version_and_target_device"
# webtalk_add_data -client project -key registration_id -value "" -context "software_version_and_target_device"
# webtalk_add_data -client project -key tool_flow -value "SDK" -context "software_version_and_target_device"
# webtalk_add_data -client project -key beta -value "false" -context "software_version_and_target_device"
# webtalk_add_data -client project -key route_design -value "NA" -context "software_version_and_target_device"
# webtalk_add_data -client project -key target_family -value "NA" -context "software_version_and_target_device"
# webtalk_add_data -client project -key target_device -value "NA" -context "software_version_and_target_device"
# webtalk_add_data -client project -key target_package -value "NA" -context "software_version_and_target_device"
# webtalk_add_data -client project -key target_speed -value "NA" -context "software_version_and_target_device"
# webtalk_add_data -client project -key random_id -value "ktf92i89qc5fqkj9lhi82fdfpu" -context "software_version_and_target_device"
# webtalk_add_data -client project -key project_id -value "2016.2_14" -context "software_version_and_target_device"
# webtalk_add_data -client project -key project_iteration -value "14" -context "software_version_and_target_device"
# webtalk_add_data -client project -key os_name -value "" -context "user_environment"
# webtalk_add_data -client project -key os_release -value "" -context "user_environment"
# webtalk_add_data -client project -key cpu_name -value "" -context "user_environment"
# webtalk_add_data -client project -key cpu_speed -value "" -context "user_environment"
# webtalk_add_data -client project -key total_processors -value "" -context "user_environment"
# webtalk_add_data -client project -key system_ram -value "" -context "user_environment"
# webtalk_register_client -client sdk
# webtalk_add_data -client sdk -key uid -value "1471520061000" -context "sdk\\\\hardware/1471520061000"
# webtalk_add_data -client sdk -key isZynq -value "true" -context "sdk\\\\hardware/1471520061000"
# webtalk_add_data -client sdk -key Processors -value "2" -context "sdk\\\\hardware/1471520061000"
# webtalk_add_data -client sdk -key VivadoVersion -value "2016.2" -context "sdk\\\\hardware/1471520061000"
# webtalk_add_data -client sdk -key Arch -value "zynq" -context "sdk\\\\hardware/1471520061000"
# webtalk_add_data -client sdk -key Device -value "7z010" -context "sdk\\\\hardware/1471520061000"
# webtalk_add_data -client sdk -key IsHandoff -value "true" -context "sdk\\\\hardware/1471520061000"
# webtalk_add_data -client sdk -key uid -value "1471520104000" -context "sdk\\\\bsp/1471520104000"
# webtalk_add_data -client sdk -key hwid -value "1471520061000" -context "sdk\\\\bsp/1471520104000"
# webtalk_add_data -client sdk -key os -value "standalone" -context "sdk\\\\bsp/1471520104000"
# webtalk_add_data -client sdk -key apptemplate -value "null" -context "sdk\\\\bsp/1471520104000"
# webtalk_add_data -client sdk -key uid -value "1471526638000" -context "sdk\\\\application/1471526638000"
# webtalk_add_data -client sdk -key os -value "linux" -context "sdk\\\\application/1471526638000"
# webtalk_add_data -client sdk -key apptemplate -value "empty_application" -context "sdk\\\\application/1471526638000"
# webtalk_transmit -clientid 4879817 -regid "" -xml /opt/Xilinx/Projects/zybo_petalinux_webcam/zybo_petalinux_webcam.sdk/webtalk/usage_statistics_ext_sdk.xml -html /opt/Xilinx/Projects/zybo_petalinux_webcam/zybo_petalinux_webcam.sdk/webtalk/usage_statistics_ext_sdk.html -wdm /opt/Xilinx/Projects/zybo_petalinux_webcam/zybo_petalinux_webcam.sdk/webtalk/sdk_webtalk.wdm -intro "<H3>SDK Usage Report</H3><BR>"
# webtalk_terminate
INFO: [Common 17-206] Exiting Webtalk at Thu Aug 18 10:35:33 2016...
