#-----------------------------------------------------------
# Webtalk v2016.2 (64-bit)
# SW Build 1577090 on Thu Jun  2 16:32:35 MDT 2016
# 
# Start of session at: Fri Aug  5 11:55:02 2016
# Process ID: 16446
# Current directory: /opt/Xilinx/Projects/zybo_petalinux_vga/zybo_petalinux_vga.sdk/webtalk
# Command line: wbtcv -mode batch -source sdk_webtalk.tcl
# Log file: /opt/Xilinx/Projects/zybo_petalinux_vga/zybo_petalinux_vga.sdk/webtalk/webtalk.log
# Journal file: /opt/Xilinx/Projects/zybo_petalinux_vga/zybo_petalinux_vga.sdk/webtalk/webtalk.jou
#-----------------------------------------------------------
source sdk_webtalk.tcl
# webtalk_init -webtalk_dir /opt/Xilinx/Projects/zybo_petalinux_vga/zybo_petalinux_vga.sdk/webtalk
# webtalk_register_client -client project
# webtalk_add_data -client project -key date_generated -value "Fri Aug 5 11:55:01 2016" -context "software_version_and_target_device"
# webtalk_add_data -client project -key product_version -value "SDK v2016.2" -context "software_version_and_target_device"
# webtalk_add_data -client project -key build_version -value "2016.2" -context "software_version_and_target_device"
# webtalk_add_data -client project -key os_platform -value "amd64" -context "software_version_and_target_device"
# webtalk_add_data -client project -key registration_id -value "" -context "software_version_and_target_device"
# webtalk_add_data -client project -key tool_flow -value "SDK" -context "software_version_and_target_device"
# webtalk_add_data -client project -key beta -value "false" -context "software_version_and_target_device"
# webtalk_add_data -client project -key route_design -value "NA" -context "software_version_and_target_device"
# webtalk_add_data -client project -key target_family -value "NA" -context "software_version_and_target_device"
# webtalk_add_data -client project -key target_device -value "NA" -context "software_version_and_target_device"
# webtalk_add_data -client project -key target_package -value "NA" -context "software_version_and_target_device"
# webtalk_add_data -client project -key target_speed -value "NA" -context "software_version_and_target_device"
# webtalk_add_data -client project -key random_id -value "22tbnhcouqogjfermak5df4pm9" -context "software_version_and_target_device"
# webtalk_add_data -client project -key project_id -value "2016.2_9" -context "software_version_and_target_device"
# webtalk_add_data -client project -key project_iteration -value "9" -context "software_version_and_target_device"
# webtalk_add_data -client project -key os_name -value "" -context "user_environment"
# webtalk_add_data -client project -key os_release -value "" -context "user_environment"
# webtalk_add_data -client project -key cpu_name -value "" -context "user_environment"
# webtalk_add_data -client project -key cpu_speed -value "" -context "user_environment"
# webtalk_add_data -client project -key total_processors -value "" -context "user_environment"
# webtalk_add_data -client project -key system_ram -value "" -context "user_environment"
# webtalk_register_client -client sdk
# webtalk_add_data -client sdk -key uid -value "1470399095000" -context "sdk\\\\bsp/1470399095000"
# webtalk_add_data -client sdk -key hwid -value "1470362007000" -context "sdk\\\\bsp/1470399095000"
# webtalk_add_data -client sdk -key os -value "standalone" -context "sdk\\\\bsp/1470399095000"
# webtalk_add_data -client sdk -key apptemplate -value "empty_application" -context "sdk\\\\bsp/1470399095000"
# webtalk_add_data -client sdk -key uid -value "1470399096000" -context "sdk\\\\application/1470399096000"
# webtalk_add_data -client sdk -key hwid -value "1470362007000" -context "sdk\\\\application/1470399096000"
# webtalk_add_data -client sdk -key bspid -value "1470399095000" -context "sdk\\\\application/1470399096000"
# webtalk_add_data -client sdk -key newbsp -value "true" -context "sdk\\\\application/1470399096000"
# webtalk_add_data -client sdk -key os -value "standalone" -context "sdk\\\\application/1470399096000"
# webtalk_add_data -client sdk -key apptemplate -value "empty_application" -context "sdk\\\\application/1470399096000"
# webtalk_add_data -client sdk -key uid -value "1470399848000" -context "sdk\\\\application/1470399848000"
# webtalk_add_data -client sdk -key os -value "linux" -context "sdk\\\\application/1470399848000"
# webtalk_add_data -client sdk -key apptemplate -value "linux_hello_world" -context "sdk\\\\application/1470399848000"
# webtalk_add_data -client sdk -key uid -value "1470404650000" -context "sdk\\\\application/1470404650000"
# webtalk_add_data -client sdk -key os -value "linux" -context "sdk\\\\application/1470404650000"
# webtalk_add_data -client sdk -key apptemplate -value "empty_application" -context "sdk\\\\application/1470404650000"
# webtalk_transmit -clientid 3444537734 -regid "" -xml /opt/Xilinx/Projects/zybo_petalinux_vga/zybo_petalinux_vga.sdk/webtalk/usage_statistics_ext_sdk.xml -html /opt/Xilinx/Projects/zybo_petalinux_vga/zybo_petalinux_vga.sdk/webtalk/usage_statistics_ext_sdk.html -wdm /opt/Xilinx/Projects/zybo_petalinux_vga/zybo_petalinux_vga.sdk/webtalk/sdk_webtalk.wdm -intro "<H3>SDK Usage Report</H3><BR>"
# webtalk_terminate
INFO: [Common 17-206] Exiting Webtalk at Fri Aug  5 11:55:02 2016...
